{"total": {"lines":{"total":228,"covered":224,"skipped":0,"pct":98.24},"statements":{"total":233,"covered":229,"skipped":0,"pct":98.28},"functions":{"total":33,"covered":33,"skipped":0,"pct":100},"branches":{"total":172,"covered":163,"skipped":0,"pct":94.76},"branchesTrue":{"total":0,"covered":0,"skipped":0,"pct":"Unknown"}}
,"/home/armel/Documents/github/TenuXpector/packages/domain/src/alert-engine.ts": {"lines":{"total":79,"covered":78,"skipped":0,"pct":98.73},"functions":{"total":9,"covered":9,"skipped":0,"pct":100},"statements":{"total":82,"covered":81,"skipped":0,"pct":98.78},"branches":{"total":78,"covered":72,"skipped":0,"pct":92.3}}
,"/home/armel/Documents/github/TenuXpector/packages/domain/src/cash-session.ts": {"lines":{"total":7,"covered":7,"skipped":0,"pct":100},"functions":{"total":2,"covered":2,"skipped":0,"pct":100},"statements":{"total":7,"covered":7,"skipped":0,"pct":100},"branches":{"total":4,"covered":4,"skipped":0,"pct":100}}
,"/home/armel/Documents/github/TenuXpector/packages/domain/src/costing.ts": {"lines":{"total":26,"covered":25,"skipped":0,"pct":96.15},"functions":{"total":4,"covered":4,"skipped":0,"pct":100},"statements":{"total":26,"covered":25,"skipped":0,"pct":96.15},"branches":{"total":22,"covered":21,"skipped":0,"pct":95.45}}
,"/home/armel/Documents/github/TenuXpector/packages/domain/src/pricing.ts": {"lines":{"total":9,"covered":9,"skipped":0,"pct":100},"functions":{"total":1,"covered":1,"skipped":0,"pct":100},"statements":{"total":9,"covered":9,"skipped":0,"pct":100},"branches":{"total":8,"covered":8,"skipped":0,"pct":100}}
,"/home/armel/Documents/github/TenuXpector/packages/domain/src/reporting.ts": {"lines":{"total":8,"covered":8,"skipped":0,"pct":100},"functions":{"total":1,"covered":1,"skipped":0,"pct":100},"statements":{"total":8,"covered":8,"skipped":0,"pct":100},"branches":{"total":4,"covered":4,"skipped":0,"pct":100}}
,"/home/armel/Documents/github/TenuXpector/packages/domain/src/rounding.ts": {"lines":{"total":13,"covered":12,"skipped":0,"pct":92.3},"functions":{"total":2,"covered":2,"skipped":0,"pct":100},"statements":{"total":13,"covered":12,"skipped":0,"pct":92.3},"branches":{"total":14,"covered":13,"skipped":0,"pct":92.85}}
,"/home/armel/Documents/github/TenuXpector/packages/domain/src/sale-calculator.ts": {"lines":{"total":69,"covered":68,"skipped":0,"pct":98.55},"functions":{"total":7,"covered":7,"skipped":0,"pct":100},"statements":{"total":70,"covered":69,"skipped":0,"pct":98.57},"branches":{"total":30,"covered":29,"skipped":0,"pct":96.66}}
,"/home/armel/Documents/github/TenuXpector/packages/domain/src/stock-ledger.ts": {"lines":{"total":15,"covered":15,"skipped":0,"pct":100},"functions":{"total":5,"covered":5,"skipped":0,"pct":100},"statements":{"total":16,"covered":16,"skipped":0,"pct":100},"branches":{"total":12,"covered":12,"skipped":0,"pct":100}}
,"/home/armel/Documents/github/TenuXpector/packages/domain/src/types.ts": {"lines":{"total":2,"covered":2,"skipped":0,"pct":100},"functions":{"total":2,"covered":2,"skipped":0,"pct":100},"statements":{"total":2,"covered":2,"skipped":0,"pct":100},"branches":{"total":0,"covered":0,"skipped":0,"pct":100}}
}
